<?xml version="1.0" encoding="UTF-8"?>
<coverage generated="1593870579135" clover="3.2.0">
  <project timestamp="1593870579135" name="All files">
    <metrics statements="30" coveredstatements="24" conditionals="10" coveredconditionals="7" methods="8" coveredmethods="8" elements="48" coveredelements="39" complexity="0" loc="30" ncloc="30" packages="1" files="1" classes="1"/>
    <file name="facebookMarketingClient.ts" path="/home/aalors/Documents/assignments/cq-node-assignment/src/classes/facebookMarketingClient.ts">
      <metrics statements="30" coveredstatements="24" conditionals="10" coveredconditionals="7" methods="8" coveredmethods="8"/>
      <line num="1" count="1" type="stmt"/>
      <line num="3" count="1" type="stmt"/>
      <line num="4" count="3" type="stmt"/>
      <line num="5" count="3" type="stmt"/>
      <line num="11" count="3" type="stmt"/>
      <line num="12" count="3" type="stmt"/>
      <line num="14" count="3" type="stmt"/>
      <line num="17" count="3" type="cond" truecount="1" falsecount="1"/>
      <line num="18" count="0" type="stmt"/>
      <line num="19" count="0" type="stmt"/>
      <line num="22" count="3" type="stmt"/>
      <line num="23" count="3" type="cond" truecount="2" falsecount="0"/>
      <line num="24" count="2" type="stmt"/>
      <line num="25" count="2" type="stmt"/>
      <line num="28" count="1" type="stmt"/>
      <line num="42" count="1" type="stmt"/>
      <line num="43" count="1" type="stmt"/>
      <line num="49" count="1" type="stmt"/>
      <line num="51" count="1" type="stmt"/>
      <line num="54" count="1" type="cond" truecount="1" falsecount="1"/>
      <line num="55" count="0" type="stmt"/>
      <line num="56" count="0" type="stmt"/>
      <line num="59" count="1" type="stmt"/>
      <line num="61" count="1" type="cond" truecount="1" falsecount="1"/>
      <line num="62" count="0" type="stmt"/>
      <line num="63" count="0" type="stmt"/>
      <line num="66" count="1" type="stmt"/>
      <line num="67" count="322" type="cond" truecount="2" falsecount="0"/>
      <line num="68" count="296" type="stmt"/>
      <line num="72" count="1" type="stmt"/>
    </file>
  </project>
</coverage>
