{"/home/aalors/Documents/assignments/cq-node-assignment/src/classes/facebookMarketingClient.ts": {"path":"/home/aalors/Documents/assignments/cq-node-assignment/src/classes/facebookMarketingClient.ts","statementMap":{"0":{"start":{"line":1,"column":0},"end":{"line":1,"column":29}},"1":{"start":{"line":4,"column":10},"end":{"line":4,"column":59}},"2":{"start":{"line":5,"column":10},"end":{"line":5,"column":60}},"3":{"start":{"line":11,"column":4},"end":{"line":30,"column":7}},"4":{"start":{"line":12,"column":20},"end":{"line":12,"column":118}},"5":{"start":{"line":14,"column":6},"end":{"line":29,"column":9}},"6":{"start":{"line":17,"column":8},"end":{"line":20,"column":null}},"7":{"start":{"line":18,"column":10},"end":{"line":18,"column":22}},"8":{"start":{"line":19,"column":10},"end":{"line":19,"column":17}},"9":{"start":{"line":22,"column":8},"end":{"line":22,"column":37}},"10":{"start":{"line":23,"column":8},"end":{"line":26,"column":null}},"11":{"start":{"line":24,"column":10},"end":{"line":24,"column":34}},"12":{"start":{"line":25,"column":10},"end":{"line":25,"column":17}},"13":{"start":{"line":28,"column":8},"end":{"line":28,"column":31}},"14":{"start":{"line":42,"column":4},"end":{"line":74,"column":7}},"15":{"start":{"line":43,"column":20},"end":{"line":47,"column":8}},"16":{"start":{"line":49,"column":38},"end":{"line":49,"column":40}},"17":{"start":{"line":51,"column":6},"end":{"line":73,"column":9}},"18":{"start":{"line":54,"column":8},"end":{"line":57,"column":null}},"19":{"start":{"line":55,"column":10},"end":{"line":55,"column":22}},"20":{"start":{"line":56,"column":10},"end":{"line":56,"column":17}},"21":{"start":{"line":59,"column":8},"end":{"line":59,"column":38}},"22":{"start":{"line":61,"column":8},"end":{"line":64,"column":null}},"23":{"start":{"line":62,"column":10},"end":{"line":62,"column":35}},"24":{"start":{"line":63,"column":10},"end":{"line":63,"column":17}},"25":{"start":{"line":66,"column":8},"end":{"line":70,"column":11}},"26":{"start":{"line":67,"column":10},"end":{"line":69,"column":null}},"27":{"start":{"line":68,"column":12},"end":{"line":68,"column":44}},"28":{"start":{"line":72,"column":8},"end":{"line":72,"column":30}},"29":{"start":{"line":3,"column":0},"end":{"line":3,"column":13}}},"fnMap":{"0":{"name":"(anonymous_13)","decl":{"start":{"line":3,"column":0},"end":{"line":3,"column":13}},"loc":{"start":{"line":3,"column":0},"end":{"line":76,"column":1}}},"1":{"name":"(anonymous_14)","decl":{"start":{"line":10,"column":8},"end":{"line":10,"column":20}},"loc":{"start":{"line":10,"column":20},"end":{"line":31,"column":null}}},"2":{"name":"(anonymous_16)","decl":{"start":{"line":11,"column":23},"end":{"line":11,"column":24}},"loc":{"start":{"line":11,"column":42},"end":{"line":30,"column":5}}},"3":{"name":"(anonymous_17)","decl":{"start":{"line":14,"column":26},"end":{"line":14,"column":27}},"loc":{"start":{"line":14,"column":68},"end":{"line":29,"column":7}}},"4":{"name":"(anonymous_18)","decl":{"start":{"line":38,"column":8},"end":{"line":38,"column":31}},"loc":{"start":{"line":40,"column":25},"end":{"line":75,"column":null}}},"5":{"name":"(anonymous_20)","decl":{"start":{"line":42,"column":23},"end":{"line":42,"column":24}},"loc":{"start":{"line":42,"column":42},"end":{"line":74,"column":5}}},"6":{"name":"(anonymous_21)","decl":{"start":{"line":51,"column":26},"end":{"line":51,"column":27}},"loc":{"start":{"line":51,"column":68},"end":{"line":73,"column":7}}},"7":{"name":"(anonymous_22)","decl":{"start":{"line":66,"column":32},"end":{"line":66,"column":33}},"loc":{"start":{"line":66,"column":61},"end":{"line":70,"column":9}}}},"branchMap":{"0":{"loc":{"start":{"line":17,"column":8},"end":{"line":20,"column":null}},"type":"if","locations":[{"start":{"line":17,"column":8},"end":{"line":20,"column":null}},{"start":{"line":17,"column":8},"end":{"line":20,"column":null}}]},"1":{"loc":{"start":{"line":23,"column":8},"end":{"line":26,"column":null}},"type":"if","locations":[{"start":{"line":23,"column":8},"end":{"line":26,"column":null}},{"start":{"line":23,"column":8},"end":{"line":26,"column":null}}]},"2":{"loc":{"start":{"line":54,"column":8},"end":{"line":57,"column":null}},"type":"if","locations":[{"start":{"line":54,"column":8},"end":{"line":57,"column":null}},{"start":{"line":54,"column":8},"end":{"line":57,"column":null}}]},"3":{"loc":{"start":{"line":61,"column":8},"end":{"line":64,"column":null}},"type":"if","locations":[{"start":{"line":61,"column":8},"end":{"line":64,"column":null}},{"start":{"line":61,"column":8},"end":{"line":64,"column":null}}]},"4":{"loc":{"start":{"line":67,"column":10},"end":{"line":69,"column":null}},"type":"if","locations":[{"start":{"line":67,"column":10},"end":{"line":69,"column":null}},{"start":{"line":67,"column":10},"end":{"line":69,"column":null}}]}},"s":{"0":1,"1":3,"2":3,"3":3,"4":3,"5":3,"6":3,"7":0,"8":0,"9":3,"10":3,"11":2,"12":2,"13":1,"14":1,"15":1,"16":1,"17":1,"18":1,"19":0,"20":0,"21":1,"22":1,"23":0,"24":0,"25":1,"26":322,"27":296,"28":1,"29":1},"f":{"0":3,"1":3,"2":3,"3":3,"4":1,"5":1,"6":1,"7":322},"b":{"0":[0,3],"1":[2,1],"2":[0,1],"3":[0,1],"4":[296,26]}}
}
