TN:
SF:src/classes/facebookMarketingClient.ts
FN:3,(anonymous_13)
FN:10,(anonymous_14)
FN:11,(anonymous_16)
FN:14,(anonymous_17)
FN:38,(anonymous_18)
FN:42,(anonymous_20)
FN:51,(anonymous_21)
FN:66,(anonymous_22)
FNF:8
FNH:8
FNDA:3,(anonymous_13)
FNDA:3,(anonymous_14)
FNDA:3,(anonymous_16)
FNDA:3,(anonymous_17)
FNDA:1,(anonymous_18)
FNDA:1,(anonymous_20)
FNDA:1,(anonymous_21)
FNDA:322,(anonymous_22)
DA:1,1
DA:3,1
DA:4,3
DA:5,3
DA:11,3
DA:12,3
DA:14,3
DA:17,3
DA:18,0
DA:19,0
DA:22,3
DA:23,3
DA:24,2
DA:25,2
DA:28,1
DA:42,1
DA:43,1
DA:49,1
DA:51,1
DA:54,1
DA:55,0
DA:56,0
DA:59,1
DA:61,1
DA:62,0
DA:63,0
DA:66,1
DA:67,322
DA:68,296
DA:72,1
LF:30
LH:24
BRDA:17,0,0,0
BRDA:17,0,1,3
BRDA:23,1,0,2
BRDA:23,1,1,1
BRDA:54,2,0,0
BRDA:54,2,1,1
BRDA:61,3,0,0
BRDA:61,3,1,1
BRDA:67,4,0,296
BRDA:67,4,1,26
BRF:10
BRH:7
end_of_record
